[2025-07-10 21:01:36.919] [lidar_logger] [info] 开始读取ROI配置文件: D:\OpenCV\Code\PV31\config\roi_config.txt
[2025-07-10 21:01:36.922] [lidar_logger] [info] ROI配置读取成功: x=0, y=343, w=519, h=232
[2025-07-10 21:01:36.924] [lidar_logger] [info] 开始激光线检测，ROI: x=0, y=343, w=519, h=232
[2025-07-10 21:01:36.930] [lidar_logger] [info] 激光线检测成功，角度: 5.36°，点数: 52
[2025-07-10 21:01:36.933] [lidar_logger] [info] 检测结果图像已保存: D:\OpenCV\Code\PV31\output/result_123456_Thu_Jul_10_21_01_36_2025_.jpg
[2025-07-10 21:04:22.925] [lidar_logger] [info] 开始读取ROI配置文件: D:\OpenCV\Code\PV31\config\roi_config.txt
[2025-07-10 21:04:22.925] [lidar_logger] [info] ROI配置读取成功: x=0, y=343, w=519, h=232
[2025-07-10 21:04:22.925] [lidar_logger] [info] 开始激光线检测，ROI: x=0, y=343, w=519, h=232
[2025-07-10 21:04:22.925] [lidar_logger] [info] 激光线检测成功，角度: 5.36°，点数: 52
[2025-07-10 21:04:22.937] [lidar_logger] [info] 检测结果图像已保存: D:\OpenCV\Code\PV31\output/result_123456_Thu_Jul_10_21_04_22_2025_.jpg
[2025-07-10 21:37:56.358] [lidar_logger] [info] 开始读取ROI配置文件: D:\OpenCV\Code\PV31\config\roi_config.txt
[2025-07-10 21:37:56.358] [lidar_logger] [info] ROI配置读取成功: x=0, y=343, w=519, h=232
[2025-07-10 21:37:56.358] [lidar_logger] [info] 开始激光线检测，ROI: x=0, y=343, w=519, h=232
[2025-07-10 21:37:56.358] [lidar_logger] [info] 激光线检测成功，角度: 5.36°，点数: 52
[2025-07-10 21:37:56.375] [lidar_logger] [info] 检测结果图像已保存: D:\OpenCV\Code\PV31\output/result_123456_Thu_Jul_10_21_37_56_2025_.jpg
[2025-07-11 09:58:28.976] [lidar_logger] [info] 开始读取ROI配置文件: D:\OpenCV\Code\PV31\config\roi_config.txt
[2025-07-11 09:58:28.976] [lidar_logger] [info] ROI配置读取成功: x=0, y=343, w=519, h=232
[2025-07-11 09:58:28.979] [lidar_logger] [info] 开始激光线检测，ROI: x=0, y=343, w=519, h=232
[2025-07-11 09:58:28.984] [lidar_logger] [info] 激光线检测成功，角度: 5.36°，点数: 52
[2025-07-11 09:58:28.988] [lidar_logger] [info] 检测结果图像已保存: D:\OpenCV\Code\PV31\output/result_123456_Fri_Jul_11_09_58_28_2025_.jpg
[2025-07-11 10:01:58.611] [lidar_logger] [info] 开始读取ROI配置文件: D:\OpenCV\Code\PV31\config\roi_config.txt
[2025-07-11 10:01:58.611] [lidar_logger] [info] ROI配置读取成功: x=322, y=549, w=1276, h=87
[2025-07-11 10:06:31.690] [lidar_logger] [info] 开始读取ROI配置文件: D:\OpenCV\Code\PV31\config\roi_config.txt
[2025-07-11 10:06:31.690] [lidar_logger] [info] ROI配置读取成功: x=322, y=549, w=1276, h=87
[2025-07-11 10:06:31.702] [lidar_logger] [info] 开始激光线检测，ROI: x=322, y=549, w=1276, h=87
[2025-07-11 10:06:31.707] [lidar_logger] [warning] 未检测到直线，帧内无激光线
[2025-07-11 10:21:05.666] [lidar_logger] [info] 开始读取ROI配置文件: D:\OpenCV\Code\PV31\config\roi_config.txt
[2025-07-11 10:21:05.666] [lidar_logger] [info] ROI配置读取成功: x=322, y=549, w=1276, h=87
[2025-07-11 10:21:05.677] [lidar_logger] [info] 开始激光线检测，ROI: x=322, y=549, w=1276, h=87
[2025-07-11 10:21:05.684] [lidar_logger] [warning] 未检测到直线，帧内无激光线
[2025-07-11 10:21:05.705] [lidar_logger] [info] 失败结果图像已保存: D:\OpenCV\Code\PV31\output/result_123456_Fri_Jul_11_10_21_05_2025_.jpg
[2025-07-11 10:33:01.330] [lidar_logger] [info] 开始读取ROI配置文件: D:\OpenCV\Code\PV31\config\roi_config.txt
[2025-07-11 10:33:01.330] [lidar_logger] [info] ROI配置读取成功: x=322, y=549, w=1276, h=87
[2025-07-11 10:33:01.341] [lidar_logger] [info] 开始激光线检测，ROI: x=322, y=549, w=1276, h=87
[2025-07-11 10:33:01.356] [lidar_logger] [warning] 未检测到直线，帧内无激光线
[2025-07-11 10:33:01.374] [lidar_logger] [info] 失败结果图像已保存: D:\OpenCV\Code\PV31\output/result_123456_Fri_Jul_11_10_33_01_2025_.jpg
[2025-07-11 10:35:14.260] [lidar_logger] [info] 开始读取ROI配置文件: D:\OpenCV\Code\PV31\config\roi_config.txt
[2025-07-11 10:35:14.260] [lidar_logger] [info] ROI配置读取成功: x=322, y=549, w=1276, h=87
[2025-07-11 10:35:14.273] [lidar_logger] [info] 开始激光线检测，ROI: x=322, y=549, w=1276, h=87
[2025-07-11 10:35:14.279] [lidar_logger] [warning] 未检测到直线，帧内无激光线
[2025-07-11 10:35:14.297] [lidar_logger] [info] 失败结果图像已保存: D:\OpenCV\Code\PV31\output/result_123456_Fri_Jul_11_10_35_14_2025_.jpg
[2025-07-11 10:40:38.874] [lidar_logger] [info] 开始读取ROI配置文件: D:\OpenCV\Code\PV31\config\roi_config.txt
[2025-07-11 10:40:38.874] [lidar_logger] [info] ROI配置读取成功: x=322, y=549, w=1276, h=87
[2025-07-11 10:40:53.277] [lidar_logger] [info] 开始读取ROI配置文件: D:\OpenCV\Code\PV31\config\roi_config.txt
[2025-07-11 10:40:53.277] [lidar_logger] [info] ROI配置读取成功: x=322, y=549, w=1276, h=87
[2025-07-11 10:40:53.287] [lidar_logger] [info] 开始激光线检测，ROI: x=322, y=549, w=1276, h=87
[2025-07-11 10:40:53.297] [lidar_logger] [warning] 未检测到直线，帧内无激光线
[2025-07-11 10:40:53.307] [lidar_logger] [info] 失败结果图像已保存: D:\OpenCV\Code\PV31\output/result_123456_Fri_Jul_11_10_40_53_2025_.jpg
[2025-07-11 11:04:04.951] [lidar_logger] [info] 开始读取ROI配置文件: D:\OpenCV\Code\PV31\config\roi_config.txt
[2025-07-11 11:04:04.951] [lidar_logger] [info] ROI配置读取成功: x=322, y=549, w=1276, h=87
[2025-07-11 11:04:04.967] [lidar_logger] [info] 开始激光线检测，ROI: x=322, y=549, w=1276, h=87
[2025-07-11 11:04:04.974] [lidar_logger] [info] 激光线检测成功，角度: 0.84°，点数: 13033
[2025-07-11 11:04:04.995] [lidar_logger] [info] 检测结果图像已保存: D:\OpenCV\Code\PV31\output/result_123456_Fri_Jul_11_11_04_04_2025_.jpg
[2025-07-11 11:05:20.772] [lidar_logger] [info] 开始读取ROI配置文件: D:\OpenCV\Code\PV31\config\roi_config.txt
[2025-07-11 11:05:20.772] [lidar_logger] [info] ROI配置读取成功: x=322, y=549, w=1276, h=87
[2025-07-11 11:05:32.869] [lidar_logger] [info] 开始读取ROI配置文件: D:\OpenCV\Code\PV31\config\roi_config.txt
[2025-07-11 11:05:32.869] [lidar_logger] [info] ROI配置读取成功: x=322, y=549, w=1276, h=87
[2025-07-11 11:05:32.886] [lidar_logger] [info] 开始激光线检测，ROI: x=322, y=549, w=1276, h=87
[2025-07-11 11:05:32.890] [lidar_logger] [info] 激光线检测成功，角度: 0.90°，点数: 17035
[2025-07-11 11:05:32.910] [lidar_logger] [info] 检测结果图像已保存: D:\OpenCV\Code\PV31\output/result_123456_Fri_Jul_11_11_05_32_2025_.jpg
[2025-07-11 11:13:27.986] [lidar_logger] [info] 开始读取ROI配置文件: D:\OpenCV\Code\PV31\config\roi_config.txt
[2025-07-11 11:13:27.986] [lidar_logger] [info] ROI配置读取成功: x=322, y=549, w=1276, h=87
[2025-07-11 11:13:28.000] [lidar_logger] [info] 开始激光线检测，ROI: x=322, y=549, w=1276, h=87
[2025-07-11 11:13:28.007] [lidar_logger] [info] 激光线检测成功，角度: 10.82°，点数: 213
[2025-07-11 11:13:28.021] [lidar_logger] [info] 检测结果图像已保存: D:\OpenCV\Code\PV31\output/result_123456_Fri_Jul_11_11_13_28_2025_.jpg
[2025-07-11 11:13:55.131] [lidar_logger] [info] 开始读取ROI配置文件: D:\OpenCV\Code\PV31\config\roi_config.txt
[2025-07-11 11:13:55.131] [lidar_logger] [info] ROI配置读取成功: x=322, y=549, w=1276, h=87
[2025-07-11 11:13:55.141] [lidar_logger] [info] 开始激光线检测，ROI: x=322, y=549, w=1276, h=87
[2025-07-11 11:13:55.151] [lidar_logger] [info] 激光线检测成功，角度: 10.82°，点数: 213
[2025-07-11 11:13:55.172] [lidar_logger] [info] 检测结果图像已保存: D:\OpenCV\Code\PV31\output/result_123456_Fri_Jul_11_11_13_55_2025_.jpg
[2025-07-11 11:18:24.929] [lidar_logger] [info] 开始读取ROI配置文件: D:\OpenCV\Code\PV31\config\roi_config.txt
[2025-07-11 11:18:24.929] [lidar_logger] [info] ROI配置读取成功: x=322, y=549, w=1276, h=87
[2025-07-11 11:18:24.941] [lidar_logger] [info] 开始激光线检测，ROI: x=322, y=549, w=1276, h=87
[2025-07-11 11:18:24.948] [lidar_logger] [info] 激光线检测成功，角度: 10.82°，点数: 213
[2025-07-11 11:18:24.968] [lidar_logger] [info] 检测结果图像已保存: D:\OpenCV\Code\PV31\output/result_123456_Fri_Jul_11_11_18_24_2025_.jpg
[2025-07-11 11:19:34.847] [lidar_logger] [info] 开始读取ROI配置文件: D:\OpenCV\Code\PV31\config\roi_config.txt
[2025-07-11 11:19:34.847] [lidar_logger] [info] ROI配置读取成功: x=322, y=549, w=1276, h=87
[2025-07-11 11:19:34.868] [lidar_logger] [info] 开始激光线检测，ROI: x=322, y=549, w=1276, h=87
[2025-07-11 11:19:34.872] [lidar_logger] [warning] 激光点太少，检测失败，点数: 213
[2025-07-11 11:19:34.894] [lidar_logger] [info] 失败结果图像已保存: D:\OpenCV\Code\PV31\output/result_123456_Fri_Jul_11_11_19_34_2025_.jpg
[2025-07-11 11:20:15.381] [lidar_logger] [info] 开始读取ROI配置文件: D:\OpenCV\Code\PV31\config\roi_config.txt
[2025-07-11 11:20:15.381] [lidar_logger] [info] ROI配置读取成功: x=322, y=549, w=1276, h=87
[2025-07-11 11:20:15.391] [lidar_logger] [info] 开始激光线检测，ROI: x=322, y=549, w=1276, h=87
[2025-07-11 11:20:15.401] [lidar_logger] [info] 激光线检测成功，角度: 1.00°，点数: 1353
[2025-07-11 11:20:15.419] [lidar_logger] [info] 检测结果图像已保存: D:\OpenCV\Code\PV31\output/result_123456_Fri_Jul_11_11_20_15_2025_.jpg
[2025-07-11 11:27:14.113] [lidar_logger] [info] 开始读取ROI配置文件: D:\OpenCV\Code\PV31\config\roi_config.txt
[2025-07-11 11:27:14.113] [lidar_logger] [info] ROI配置读取成功: x=322, y=549, w=1276, h=87
[2025-07-11 11:27:14.125] [lidar_logger] [info] 开始激光线检测，ROI: x=322, y=549, w=1276, h=87
[2025-07-11 11:27:14.131] [lidar_logger] [warning] 激光点太少，检测失败，点数: 1353
[2025-07-11 11:27:14.144] [lidar_logger] [info] 失败结果图像已保存: D:\OpenCV\Code\PV31\output/result_123456_Fri_Jul_11_11_27_14_2025_.jpg
[2025-07-11 11:31:27.443] [lidar_logger] [info] 开始读取ROI配置文件: D:\OpenCV\Code\PV31\config\roi_config.txt
[2025-07-11 11:31:27.443] [lidar_logger] [info] ROI配置读取成功: x=322, y=549, w=1276, h=87
[2025-07-11 11:31:27.454] [lidar_logger] [info] 开始激光线检测，ROI: x=322, y=549, w=1276, h=87
[2025-07-11 11:31:27.462] [lidar_logger] [warning] 激光点分布不线性或长度不足，RMS: 6.9072374644325265, 长度: 1275.5577697753906
[2025-07-11 11:31:27.481] [lidar_logger] [info] 失败结果图像已保存: D:\OpenCV\Code\PV31\output/result_123456_Fri_Jul_11_11_31_27_2025_.jpg
[2025-07-11 11:31:41.323] [lidar_logger] [info] 开始读取ROI配置文件: D:\OpenCV\Code\PV31\config\roi_config.txt
[2025-07-11 11:31:41.323] [lidar_logger] [info] ROI配置读取成功: x=322, y=549, w=1276, h=87
[2025-07-11 11:31:41.331] [lidar_logger] [info] 开始激光线检测，ROI: x=322, y=549, w=1276, h=87
[2025-07-11 11:31:41.337] [lidar_logger] [warning] 激光点分布不线性或长度不足，RMS: 6.9072374644325265, 长度: 1275.5577697753906
[2025-07-11 11:31:41.366] [lidar_logger] [info] 失败结果图像已保存: D:\OpenCV\Code\PV31\output/result_123456_Fri_Jul_11_11_31_41_2025_.jpg
[2025-07-11 11:39:13.782] [lidar_logger] [info] 开始读取ROI配置文件: D:\OpenCV\Code\PV31\config\roi_config.txt
[2025-07-11 11:39:13.782] [lidar_logger] [info] ROI配置读取成功: x=322, y=549, w=1276, h=87
[2025-07-11 11:39:25.944] [lidar_logger] [info] 开始读取ROI配置文件: D:\OpenCV\Code\PV31\config\roi_config.txt
[2025-07-11 11:39:25.944] [lidar_logger] [info] ROI配置读取成功: x=322, y=549, w=1276, h=87
[2025-07-11 11:39:25.953] [lidar_logger] [info] 开始激光线检测，ROI: x=322, y=549, w=1276, h=87
[2025-07-11 11:39:25.963] [lidar_logger] [warning] 激光点分布不线性或长度不足，RMS: 10.216488400406742, 长度: 1275.7534790039062
[2025-07-11 11:39:25.963] [lidar_logger] [warning] 激光点分布不线性或长度不足，RMS: 10.216488400406742, 长度: 1275.7534790039062
[2025-07-11 11:39:25.983] [lidar_logger] [info] 失败结果图像已保存: D:\OpenCV\Code\PV31\output/result_123456_Fri_Jul_11_11_39_25_2025_.jpg
[2025-07-11 11:41:44.795] [lidar_logger] [info] 开始读取ROI配置文件: D:\OpenCV\Code\PV31\config\roi_config.txt
[2025-07-11 11:41:44.795] [lidar_logger] [info] ROI配置读取成功: x=322, y=549, w=1276, h=87
[2025-07-11 11:41:44.807] [lidar_logger] [info] 开始激光线检测，ROI: x=322, y=549, w=1276, h=87
[2025-07-11 11:41:44.815] [lidar_logger] [warning] 激光点分布不线性或长度不足，RMS: 9.607049504421576, 长度: 1275.7122802734375
[2025-07-11 11:41:44.815] [lidar_logger] [info] 激光线检测成功，角度: 0.84°，点数: 13033, RMS: 9.61, 长度: 1275.71
[2025-07-11 11:41:44.836] [lidar_logger] [info] 检测结果图像已保存: D:\OpenCV\Code\PV31\output/result_123456_Fri_Jul_11_11_41_44_2025_.jpg
[2025-07-11 11:43:33.614] [lidar_logger] [info] 开始读取ROI配置文件: D:\OpenCV\Code\PV31\config\roi_config.txt
[2025-07-11 11:43:33.614] [lidar_logger] [info] ROI配置读取成功: x=322, y=549, w=1276, h=87
[2025-07-11 11:43:33.635] [lidar_logger] [info] 开始激光线检测，ROI: x=322, y=549, w=1276, h=87
[2025-07-11 11:43:33.644] [lidar_logger] [warning] 激光点分布不线性或长度不足，RMS: 6.9072374644325265, 长度: 1275.5577697753906
[2025-07-11 11:43:33.644] [lidar_logger] [info] 激光线检测成功，角度: 1.00°，点数: 1353, RMS: 6.91, 长度: 1275.56
[2025-07-11 11:43:33.662] [lidar_logger] [info] 检测结果图像已保存: D:\OpenCV\Code\PV31\output/result_123456_Fri_Jul_11_11_43_33_2025_.jpg
[2025-07-11 11:52:11.446] [lidar_logger] [info] 开始读取ROI配置文件: D:\OpenCV\Code\PV31\config\roi_config.txt
[2025-07-11 11:52:11.446] [lidar_logger] [info] ROI配置读取成功: x=322, y=549, w=1276, h=87
[2025-07-11 11:52:11.463] [lidar_logger] [info] 开始激光线检测，ROI: x=322, y=549, w=1276, h=87
[2025-07-11 11:52:11.468] [lidar_logger] [warning] 激光点太少，检测失败，点数: 878
[2025-07-11 11:52:11.487] [lidar_logger] [info] 失败结果图像已保存: D:\OpenCV\Code\PV31\output/result_123456_Fri_Jul_11_11_52_11_2025_.jpg
[2025-07-11 11:53:47.907] [lidar_logger] [info] 开始读取ROI配置文件: D:\OpenCV\Code\PV31\config\roi_config.txt
[2025-07-11 11:53:47.907] [lidar_logger] [info] ROI配置读取成功: x=322, y=549, w=1276, h=87
[2025-07-11 11:53:47.925] [lidar_logger] [info] 开始激光线检测，ROI: x=322, y=549, w=1276, h=87
[2025-07-11 11:53:47.931] [lidar_logger] [warning] 激光点分布不线性或长度不足，RMS: 1.9517781056042764, 长度: 198.1414031982422
[2025-07-11 11:53:47.931] [lidar_logger] [warning] 激光点分布不线性或长度不足，RMS: 1.9517781056042764, 长度: 198.1414031982422
[2025-07-11 11:53:47.951] [lidar_logger] [info] 失败结果图像已保存: D:\OpenCV\Code\PV31\output/result_123456_Fri_Jul_11_11_53_47_2025_.jpg
[2025-07-11 11:54:50.860] [lidar_logger] [info] 开始读取ROI配置文件: D:\OpenCV\Code\PV31\config\roi_config.txt
[2025-07-11 11:54:50.860] [lidar_logger] [info] ROI配置读取成功: x=322, y=549, w=1276, h=87
[2025-07-11 11:54:50.868] [lidar_logger] [info] 开始激光线检测，ROI: x=322, y=549, w=1276, h=87
[2025-07-11 11:54:50.879] [lidar_logger] [warning] 激光点分布不线性或长度不足，RMS: 2.0262282427324116, 长度: 1258.1682739257812
[2025-07-11 11:54:50.879] [lidar_logger] [info] 激光线检测成功，角度: 0.77°，点数: 6991, RMS: 2.03, 长度: 1258.17
[2025-07-11 11:54:50.889] [lidar_logger] [info] 检测结果图像已保存: D:\OpenCV\Code\PV31\output/result_123456_Fri_Jul_11_11_54_50_2025_.jpg
[2025-07-11 11:56:56.407] [lidar_logger] [info] 开始读取ROI配置文件: D:\OpenCV\Code\PV31\config\roi_config.txt
[2025-07-11 11:56:56.407] [lidar_logger] [info] ROI配置读取成功: x=322, y=549, w=1276, h=87
[2025-07-11 11:56:56.415] [lidar_logger] [info] 开始激光线检测，ROI: x=322, y=549, w=1276, h=87
[2025-07-11 11:56:56.424] [lidar_logger] [warning] 激光点分布不线性或长度不足，RMS: 2.0262282427324116, 长度: 1258.1682739257812
[2025-07-11 11:56:56.424] [lidar_logger] [info] 激光线检测成功，角度: 0.77°，点数: 6991, RMS: 2.03, 长度: 1258.17
[2025-07-11 11:56:56.445] [lidar_logger] [info] 检测结果图像已保存: D:\OpenCV\Code\PV31\output/result_123456_Fri_Jul_11_11_56_56_2025_.jpg
[2025-07-11 14:38:44.889] [lidar_logger] [info] 开始读取ROI配置文件: D:\OpenCV\Code\PV31\config\roi_config.txt
[2025-07-11 14:38:44.890] [lidar_logger] [info] ROI配置读取成功: x=322, y=549, w=1276, h=87
[2025-07-11 14:38:44.898] [lidar_logger] [info] 开始激光线检测，ROI: x=322, y=549, w=1276, h=87
[2025-07-11 14:38:44.898] [lidar_logger] [warning] 激光点分布不线性或长度不足，RMS: 1.9517781056042764, 长度: 198.1414031982422
[2025-07-11 14:38:44.898] [lidar_logger] [warning] 激光点分布不线性或长度不足，RMS: 1.9517781056042764, 长度: 198.1414031982422
[2025-07-11 14:38:44.919] [lidar_logger] [info] 失败结果图像已保存: D:\OpenCV\Code\PV31\output/result_123456_Fri_Jul_11_14_38_44_2025_.jpg
[2025-07-11 14:48:54.221] [lidar_logger] [info] 开始读取ROI配置文件: D:\OpenCV\Code\PV31\config\roi_config.txt
[2025-07-11 14:48:54.221] [lidar_logger] [info] ROI配置读取成功: x=322, y=549, w=1276, h=87
[2025-07-11 14:49:07.055] [lidar_logger] [info] 开始读取ROI配置文件: D:\OpenCV\Code\PV31\config\roi_config.txt
[2025-07-11 14:49:07.055] [lidar_logger] [info] ROI配置读取成功: x=322, y=549, w=1276, h=87
[2025-07-11 14:49:07.065] [lidar_logger] [info] 开始激光线检测，ROI: x=322, y=549, w=1276, h=87
[2025-07-11 14:49:07.065] [lidar_logger] [warning] 激光点分布不线性或长度不足，RMS: 0.08485858123849722, 长度: 81.15409278869629
[2025-07-11 14:49:07.065] [lidar_logger] [warning] 激光点分布不线性或长度不足，RMS: 0.08485858123849722, 长度: 81.15409278869629
[2025-07-11 14:49:07.086] [lidar_logger] [info] 失败结果图像已保存: D:\OpenCV\Code\PV31\output/result_123456_Fri_Jul_11_14_49_07_2025_.jpg
[2025-07-11 14:52:38.393] [lidar_logger] [info] 开始读取ROI配置文件: D:\OpenCV\Code\PV31\config\roi_config.txt
[2025-07-11 14:52:38.393] [lidar_logger] [info] ROI配置读取成功: x=322, y=549, w=1276, h=87
[2025-07-11 14:52:38.415] [lidar_logger] [info] 开始激光线检测，ROI: x=322, y=549, w=1276, h=87
[2025-07-11 14:52:38.422] [lidar_logger] [warning] 激光点分布不线性或长度不足，RMS: 0.08485858123849722, 长度: 81.15409278869629
[2025-07-11 14:52:38.422] [lidar_logger] [warning] 激光点分布不线性或长度不足，RMS: 0.08485858123849722, 长度: 81.15409278869629
[2025-07-11 14:52:38.431] [lidar_logger] [info] 失败结果图像已保存: D:\OpenCV\Code\PV31\output/result_123456_Fri_Jul_11_14_52_38_2025_.jpg
[2025-07-11 15:30:59.436] [lidar_logger] [info] 开始读取ROI配置文件: D:\OpenCV\Code\PV31\config\roi_config.txt
[2025-07-11 15:30:59.436] [lidar_logger] [info] ROI配置读取成功: x=322, y=549, w=1276, h=87
[2025-07-11 15:30:59.450] [lidar_logger] [info] 开始激光线检测，ROI: x=322, y=549, w=1276, h=87
[2025-07-11 15:30:59.454] [lidar_logger] [warning] 激光点分布不线性或长度不足，RMS: 0.08485858123849722, 长度: 81.15409278869629
[2025-07-11 15:30:59.454] [lidar_logger] [warning] 激光点分布不线性或长度不足，RMS: 0.08485858123849722, 长度: 81.15409278869629
[2025-07-11 15:30:59.469] [lidar_logger] [info] 失败结果图像已保存: D:\OpenCV\Code\PV31\output/result_123456_Fri_Jul_11_15_30_59_2025_.jpg
